<?xml version="1.0" encoding="UTF-8"?>
<testsuite xmlns:xsi="http://www.w3.org/2001/XMLSchema-instance" xsi:noNamespaceSchemaLocation="https://maven.apache.org/surefire/maven-surefire-plugin/xsd/surefire-test-report.xsd" name="org.egov.ukcustomservice.UkdCustomServiceApplicationTests" time="0.439" tests="1" errors="1" skipped="0" failures="0">
  <properties>
    <property name="gopherProxySet" value="false"/>
    <property name="awt.toolkit" value="sun.lwawt.macosx.LWCToolkit"/>
    <property name="file.encoding.pkg" value="sun.io"/>
    <property name="java.specification.version" value="1.8"/>
    <property name="sun.cpu.isalist" value=""/>
    <property name="sun.jnu.encoding" value="UTF-8"/>
    <property name="java.class.path" value="/Users/sivanalluri/codebase/ukd-rainmaker-customization/services/ukd-custom-service/target/test-classes:/Users/sivanalluri/codebase/ukd-rainmaker-customization/services/ukd-custom-service/target/classes:/Users/sivanalluri/.m2/repository/org/springframework/boot/spring-boot-starter-web/2.2.1.RELEASE/spring-boot-starter-web-2.2.1.RELEASE.jar:/Users/sivanalluri/.m2/repository/org/springframework/boot/spring-boot-starter/2.2.1.RELEASE/spring-boot-starter-2.2.1.RELEASE.jar:/Users/sivanalluri/.m2/repository/org/springframework/boot/spring-boot/2.2.1.RELEASE/spring-boot-2.2.1.RELEASE.jar:/Users/sivanalluri/.m2/repository/org/springframework/boot/spring-boot-autoconfigure/2.2.1.RELEASE/spring-boot-autoconfigure-2.2.1.RELEASE.jar:/Users/sivanalluri/.m2/repository/org/springframework/boot/spring-boot-starter-logging/2.2.1.RELEASE/spring-boot-starter-logging-2.2.1.RELEASE.jar:/Users/sivanalluri/.m2/repository/org/apache/logging/log4j/log4j-to-slf4j/2.12.1/log4j-to-slf4j-2.12.1.jar:/Users/sivanalluri/.m2/repository/org/apache/logging/log4j/log4j-api/2.12.1/log4j-api-2.12.1.jar:/Users/sivanalluri/.m2/repository/org/slf4j/jul-to-slf4j/1.7.29/jul-to-slf4j-1.7.29.jar:/Users/sivanalluri/.m2/repository/jakarta/annotation/jakarta.annotation-api/1.3.5/jakarta.annotation-api-1.3.5.jar:/Users/sivanalluri/.m2/repository/org/yaml/snakeyaml/1.25/snakeyaml-1.25.jar:/Users/sivanalluri/.m2/repository/org/springframework/boot/spring-boot-starter-json/2.2.1.RELEASE/spring-boot-starter-json-2.2.1.RELEASE.jar:/Users/sivanalluri/.m2/repository/com/fasterxml/jackson/core/jackson-databind/2.10.0/jackson-databind-2.10.0.jar:/Users/sivanalluri/.m2/repository/com/fasterxml/jackson/core/jackson-core/2.10.0/jackson-core-2.10.0.jar:/Users/sivanalluri/.m2/repository/com/fasterxml/jackson/datatype/jackson-datatype-jdk8/2.10.0/jackson-datatype-jdk8-2.10.0.jar:/Users/sivanalluri/.m2/repository/com/fasterxml/jackson/datatype/jackson-datatype-jsr310/2.10.0/jackson-datatype-jsr310-2.10.0.jar:/Users/sivanalluri/.m2/repository/com/fasterxml/jackson/module/jackson-module-parameter-names/2.10.0/jackson-module-parameter-names-2.10.0.jar:/Users/sivanalluri/.m2/repository/org/springframework/boot/spring-boot-starter-tomcat/2.2.1.RELEASE/spring-boot-starter-tomcat-2.2.1.RELEASE.jar:/Users/sivanalluri/.m2/repository/org/apache/tomcat/embed/tomcat-embed-core/9.0.27/tomcat-embed-core-9.0.27.jar:/Users/sivanalluri/.m2/repository/org/apache/tomcat/embed/tomcat-embed-el/9.0.27/tomcat-embed-el-9.0.27.jar:/Users/sivanalluri/.m2/repository/org/apache/tomcat/embed/tomcat-embed-websocket/9.0.27/tomcat-embed-websocket-9.0.27.jar:/Users/sivanalluri/.m2/repository/org/springframework/boot/spring-boot-starter-validation/2.2.1.RELEASE/spring-boot-starter-validation-2.2.1.RELEASE.jar:/Users/sivanalluri/.m2/repository/jakarta/validation/jakarta.validation-api/2.0.1/jakarta.validation-api-2.0.1.jar:/Users/sivanalluri/.m2/repository/org/hibernate/validator/hibernate-validator/6.0.18.Final/hibernate-validator-6.0.18.Final.jar:/Users/sivanalluri/.m2/repository/org/jboss/logging/jboss-logging/3.4.1.Final/jboss-logging-3.4.1.Final.jar:/Users/sivanalluri/.m2/repository/com/fasterxml/classmate/1.5.1/classmate-1.5.1.jar:/Users/sivanalluri/.m2/repository/org/springframework/spring-web/5.2.1.RELEASE/spring-web-5.2.1.RELEASE.jar:/Users/sivanalluri/.m2/repository/org/springframework/spring-beans/5.2.1.RELEASE/spring-beans-5.2.1.RELEASE.jar:/Users/sivanalluri/.m2/repository/org/springframework/spring-webmvc/5.2.1.RELEASE/spring-webmvc-5.2.1.RELEASE.jar:/Users/sivanalluri/.m2/repository/org/springframework/spring-aop/5.2.1.RELEASE/spring-aop-5.2.1.RELEASE.jar:/Users/sivanalluri/.m2/repository/org/springframework/spring-context/5.2.1.RELEASE/spring-context-5.2.1.RELEASE.jar:/Users/sivanalluri/.m2/repository/org/springframework/spring-expression/5.2.1.RELEASE/spring-expression-5.2.1.RELEASE.jar:/Users/sivanalluri/.m2/repository/org/springframework/boot/spring-boot-starter-test/2.2.1.RELEASE/spring-boot-starter-test-2.2.1.RELEASE.jar:/Users/sivanalluri/.m2/repository/org/springframework/boot/spring-boot-test/2.2.1.RELEASE/spring-boot-test-2.2.1.RELEASE.jar:/Users/sivanalluri/.m2/repository/org/springframework/boot/spring-boot-test-autoconfigure/2.2.1.RELEASE/spring-boot-test-autoconfigure-2.2.1.RELEASE.jar:/Users/sivanalluri/.m2/repository/com/jayway/jsonpath/json-path/2.4.0/json-path-2.4.0.jar:/Users/sivanalluri/.m2/repository/net/minidev/json-smart/2.3/json-smart-2.3.jar:/Users/sivanalluri/.m2/repository/net/minidev/accessors-smart/1.2/accessors-smart-1.2.jar:/Users/sivanalluri/.m2/repository/org/ow2/asm/asm/5.0.4/asm-5.0.4.jar:/Users/sivanalluri/.m2/repository/org/slf4j/slf4j-api/1.7.29/slf4j-api-1.7.29.jar:/Users/sivanalluri/.m2/repository/jakarta/xml/bind/jakarta.xml.bind-api/2.3.2/jakarta.xml.bind-api-2.3.2.jar:/Users/sivanalluri/.m2/repository/jakarta/activation/jakarta.activation-api/1.2.1/jakarta.activation-api-1.2.1.jar:/Users/sivanalluri/.m2/repository/org/junit/jupiter/junit-jupiter/5.5.2/junit-jupiter-5.5.2.jar:/Users/sivanalluri/.m2/repository/org/junit/jupiter/junit-jupiter-api/5.5.2/junit-jupiter-api-5.5.2.jar:/Users/sivanalluri/.m2/repository/org/apiguardian/apiguardian-api/1.1.0/apiguardian-api-1.1.0.jar:/Users/sivanalluri/.m2/repository/org/opentest4j/opentest4j/1.2.0/opentest4j-1.2.0.jar:/Users/sivanalluri/.m2/repository/org/junit/platform/junit-platform-commons/1.5.2/junit-platform-commons-1.5.2.jar:/Users/sivanalluri/.m2/repository/org/junit/jupiter/junit-jupiter-params/5.5.2/junit-jupiter-params-5.5.2.jar:/Users/sivanalluri/.m2/repository/org/junit/jupiter/junit-jupiter-engine/5.5.2/junit-jupiter-engine-5.5.2.jar:/Users/sivanalluri/.m2/repository/org/junit/platform/junit-platform-engine/1.5.2/junit-platform-engine-1.5.2.jar:/Users/sivanalluri/.m2/repository/org/mockito/mockito-junit-jupiter/3.1.0/mockito-junit-jupiter-3.1.0.jar:/Users/sivanalluri/.m2/repository/org/assertj/assertj-core/3.13.2/assertj-core-3.13.2.jar:/Users/sivanalluri/.m2/repository/org/hamcrest/hamcrest/2.1/hamcrest-2.1.jar:/Users/sivanalluri/.m2/repository/org/mockito/mockito-core/3.1.0/mockito-core-3.1.0.jar:/Users/sivanalluri/.m2/repository/net/bytebuddy/byte-buddy/1.10.2/byte-buddy-1.10.2.jar:/Users/sivanalluri/.m2/repository/net/bytebuddy/byte-buddy-agent/1.10.2/byte-buddy-agent-1.10.2.jar:/Users/sivanalluri/.m2/repository/org/objenesis/objenesis/2.6/objenesis-2.6.jar:/Users/sivanalluri/.m2/repository/org/skyscreamer/jsonassert/1.5.0/jsonassert-1.5.0.jar:/Users/sivanalluri/.m2/repository/com/vaadin/external/google/android-json/0.0.20131108.vaadin1/android-json-0.0.20131108.vaadin1.jar:/Users/sivanalluri/.m2/repository/org/springframework/spring-core/5.2.1.RELEASE/spring-core-5.2.1.RELEASE.jar:/Users/sivanalluri/.m2/repository/org/springframework/spring-jcl/5.2.1.RELEASE/spring-jcl-5.2.1.RELEASE.jar:/Users/sivanalluri/.m2/repository/org/springframework/spring-test/5.2.1.RELEASE/spring-test-5.2.1.RELEASE.jar:/Users/sivanalluri/.m2/repository/org/xmlunit/xmlunit-core/2.6.3/xmlunit-core-2.6.3.jar:/Users/sivanalluri/.m2/repository/org/projectlombok/lombok/1.18.10/lombok-1.18.10.jar:/Users/sivanalluri/.m2/repository/org/egov/services/tracer/1.1.5-SNAPSHOT/tracer-1.1.5-SNAPSHOT.jar:/Users/sivanalluri/.m2/repository/org/springframework/kafka/spring-kafka/2.3.3.RELEASE/spring-kafka-2.3.3.RELEASE.jar:/Users/sivanalluri/.m2/repository/org/springframework/retry/spring-retry/1.2.4.RELEASE/spring-retry-1.2.4.RELEASE.jar:/Users/sivanalluri/.m2/repository/org/springframework/spring-messaging/5.2.1.RELEASE/spring-messaging-5.2.1.RELEASE.jar:/Users/sivanalluri/.m2/repository/org/springframework/spring-tx/5.2.1.RELEASE/spring-tx-5.2.1.RELEASE.jar:/Users/sivanalluri/.m2/repository/org/apache/kafka/kafka-clients/2.3.1/kafka-clients-2.3.1.jar:/Users/sivanalluri/.m2/repository/com/github/luben/zstd-jni/1.4.0-1/zstd-jni-1.4.0-1.jar:/Users/sivanalluri/.m2/repository/org/lz4/lz4-java/1.6.0/lz4-java-1.6.0.jar:/Users/sivanalluri/.m2/repository/org/xerial/snappy/snappy-java/1.1.7.3/snappy-java-1.1.7.3.jar:/Users/sivanalluri/.m2/repository/commons-io/commons-io/2.5/commons-io-2.5.jar:/Users/sivanalluri/.m2/repository/org/egov/services/services-common/0.9.0/services-common-0.9.0.jar:/Users/sivanalluri/.m2/repository/com/fasterxml/jackson/core/jackson-annotations/2.10.0/jackson-annotations-2.10.0.jar:/Users/sivanalluri/.m2/repository/org/aspectj/aspectjweaver/1.9.4/aspectjweaver-1.9.4.jar:/Users/sivanalluri/.m2/repository/org/springframework/boot/spring-boot-starter-actuator/2.2.1.RELEASE/spring-boot-starter-actuator-2.2.1.RELEASE.jar:/Users/sivanalluri/.m2/repository/org/springframework/boot/spring-boot-actuator-autoconfigure/2.2.1.RELEASE/spring-boot-actuator-autoconfigure-2.2.1.RELEASE.jar:/Users/sivanalluri/.m2/repository/org/springframework/boot/spring-boot-actuator/2.2.1.RELEASE/spring-boot-actuator-2.2.1.RELEASE.jar:/Users/sivanalluri/.m2/repository/io/opentracing/contrib/opentracing-spring-web-starter/0.3.3/opentracing-spring-web-starter-0.3.3.jar:/Users/sivanalluri/.m2/repository/io/opentracing/contrib/opentracing-spring-web/0.3.3/opentracing-spring-web-0.3.3.jar:/Users/sivanalluri/.m2/repository/io/opentracing/contrib/opentracing-web-servlet-filter/0.1.0/opentracing-web-servlet-filter-0.1.0.jar:/Users/sivanalluri/.m2/repository/io/opentracing/contrib/opentracing-tracerresolver/0.1.4/opentracing-tracerresolver-0.1.4.jar:/Users/sivanalluri/.m2/repository/io/opentracing/contrib/opentracing-spring-tracer-configuration-starter/0.1.0/opentracing-spring-tracer-configuration-starter-0.1.0.jar:/Users/sivanalluri/.m2/repository/io/opentracing/opentracing-noop/0.31.0/opentracing-noop-0.31.0.jar:/Users/sivanalluri/.m2/repository/io/opentracing/opentracing-util/0.31.0/opentracing-util-0.31.0.jar:/Users/sivanalluri/.m2/repository/io/opentracing/contrib/opentracing-spring-cloud-jdbc-starter/0.2.1/opentracing-spring-cloud-jdbc-starter-0.2.1.jar:/Users/sivanalluri/.m2/repository/io/opentracing/contrib/opentracing-jdbc/0.0.9/opentracing-jdbc-0.0.9.jar:/Users/sivanalluri/.m2/repository/org/springframework/boot/spring-boot-starter-aop/2.2.1.RELEASE/spring-boot-starter-aop-2.2.1.RELEASE.jar:/Users/sivanalluri/.m2/repository/io/opentracing/opentracing-api/0.31.0/opentracing-api-0.31.0.jar:/Users/sivanalluri/.m2/repository/io/opentracing/contrib/opentracing-spring-jaeger-starter/0.2.2/opentracing-spring-jaeger-starter-0.2.2.jar:/Users/sivanalluri/.m2/repository/io/micrometer/micrometer-core/1.3.1/micrometer-core-1.3.1.jar:/Users/sivanalluri/.m2/repository/org/hdrhistogram/HdrHistogram/2.1.11/HdrHistogram-2.1.11.jar:/Users/sivanalluri/.m2/repository/org/latencyutils/LatencyUtils/2.0.3/LatencyUtils-2.0.3.jar:/Users/sivanalluri/.m2/repository/io/micrometer/micrometer-spring-legacy/1.3.1/micrometer-spring-legacy-1.3.1.jar:/Users/sivanalluri/.m2/repository/io/micrometer/micrometer-registry-prometheus/1.3.1/micrometer-registry-prometheus-1.3.1.jar:/Users/sivanalluri/.m2/repository/io/prometheus/simpleclient_common/0.7.0/simpleclient_common-0.7.0.jar:/Users/sivanalluri/.m2/repository/io/prometheus/simpleclient/0.7.0/simpleclient-0.7.0.jar:/Users/sivanalluri/.m2/repository/io/jaegertracing/jaeger-client/0.31.0/jaeger-client-0.31.0.jar:/Users/sivanalluri/.m2/repository/io/jaegertracing/jaeger-thrift/0.31.0/jaeger-thrift-0.31.0.jar:/Users/sivanalluri/.m2/repository/org/apache/thrift/libthrift/0.11.0/libthrift-0.11.0.jar:/Users/sivanalluri/.m2/repository/org/apache/httpcomponents/httpclient/4.5.10/httpclient-4.5.10.jar:/Users/sivanalluri/.m2/repository/commons-codec/commons-codec/1.13/commons-codec-1.13.jar:/Users/sivanalluri/.m2/repository/org/apache/httpcomponents/httpcore/4.4.12/httpcore-4.4.12.jar:/Users/sivanalluri/.m2/repository/com/squareup/okhttp3/okhttp/3.14.4/okhttp-3.14.4.jar:/Users/sivanalluri/.m2/repository/com/squareup/okio/okio/1.17.2/okio-1.17.2.jar:/Users/sivanalluri/.m2/repository/io/jaegertracing/jaeger-core/0.31.0/jaeger-core-0.31.0.jar:/Users/sivanalluri/.m2/repository/com/google/code/gson/gson/2.8.6/gson-2.8.6.jar:/Users/sivanalluri/.m2/repository/io/jaegertracing/jaeger-tracerresolver/0.31.0/jaeger-tracerresolver-0.31.0.jar:/Users/sivanalluri/.m2/repository/net/logstash/logback/logstash-logback-encoder/5.2/logstash-logback-encoder-5.2.jar:/Users/sivanalluri/.m2/repository/ch/qos/logback/logback-classic/1.2.3/logback-classic-1.2.3.jar:/Users/sivanalluri/.m2/repository/ch/qos/logback/logback-core/1.2.3/logback-core-1.2.3.jar:"/>
    <property name="java.vm.vendor" value="AdoptOpenJDK"/>
    <property name="sun.arch.data.model" value="64"/>
    <property name="java.vendor.url" value="http://java.oracle.com/"/>
    <property name="user.timezone" value=""/>
    <property name="user.country.format" value="IN"/>
    <property name="java.vm.specification.version" value="1.8"/>
    <property name="os.name" value="Mac OS X"/>
    <property name="user.country" value="GB"/>
    <property name="sun.java.launcher" value="SUN_STANDARD"/>
    <property name="sun.boot.library.path" value="/Library/Java/JavaVirtualMachines/adoptopenjdk-8.jdk/Contents/Home/jre/lib"/>
    <property name="sun.java.command" value="/Users/sivanalluri/codebase/ukd-rainmaker-customization/services/ukd-custom-service/target/surefire/surefirebooter4895510403473569355.jar /Users/sivanalluri/codebase/ukd-rainmaker-customization/services/ukd-custom-service/target/surefire 2020-04-29T09-33-05_328-jvmRun1 surefire6769242675452215041tmp surefire_04413453877163418058tmp"/>
    <property name="http.nonProxyHosts" value="local|*.local|169.254/16|*.169.254/16"/>
    <property name="surefire.test.class.path" value="/Users/sivanalluri/codebase/ukd-rainmaker-customization/services/ukd-custom-service/target/test-classes:/Users/sivanalluri/codebase/ukd-rainmaker-customization/services/ukd-custom-service/target/classes:/Users/sivanalluri/.m2/repository/org/springframework/boot/spring-boot-starter-web/2.2.1.RELEASE/spring-boot-starter-web-2.2.1.RELEASE.jar:/Users/sivanalluri/.m2/repository/org/springframework/boot/spring-boot-starter/2.2.1.RELEASE/spring-boot-starter-2.2.1.RELEASE.jar:/Users/sivanalluri/.m2/repository/org/springframework/boot/spring-boot/2.2.1.RELEASE/spring-boot-2.2.1.RELEASE.jar:/Users/sivanalluri/.m2/repository/org/springframework/boot/spring-boot-autoconfigure/2.2.1.RELEASE/spring-boot-autoconfigure-2.2.1.RELEASE.jar:/Users/sivanalluri/.m2/repository/org/springframework/boot/spring-boot-starter-logging/2.2.1.RELEASE/spring-boot-starter-logging-2.2.1.RELEASE.jar:/Users/sivanalluri/.m2/repository/org/apache/logging/log4j/log4j-to-slf4j/2.12.1/log4j-to-slf4j-2.12.1.jar:/Users/sivanalluri/.m2/repository/org/apache/logging/log4j/log4j-api/2.12.1/log4j-api-2.12.1.jar:/Users/sivanalluri/.m2/repository/org/slf4j/jul-to-slf4j/1.7.29/jul-to-slf4j-1.7.29.jar:/Users/sivanalluri/.m2/repository/jakarta/annotation/jakarta.annotation-api/1.3.5/jakarta.annotation-api-1.3.5.jar:/Users/sivanalluri/.m2/repository/org/yaml/snakeyaml/1.25/snakeyaml-1.25.jar:/Users/sivanalluri/.m2/repository/org/springframework/boot/spring-boot-starter-json/2.2.1.RELEASE/spring-boot-starter-json-2.2.1.RELEASE.jar:/Users/sivanalluri/.m2/repository/com/fasterxml/jackson/core/jackson-databind/2.10.0/jackson-databind-2.10.0.jar:/Users/sivanalluri/.m2/repository/com/fasterxml/jackson/core/jackson-core/2.10.0/jackson-core-2.10.0.jar:/Users/sivanalluri/.m2/repository/com/fasterxml/jackson/datatype/jackson-datatype-jdk8/2.10.0/jackson-datatype-jdk8-2.10.0.jar:/Users/sivanalluri/.m2/repository/com/fasterxml/jackson/datatype/jackson-datatype-jsr310/2.10.0/jackson-datatype-jsr310-2.10.0.jar:/Users/sivanalluri/.m2/repository/com/fasterxml/jackson/module/jackson-module-parameter-names/2.10.0/jackson-module-parameter-names-2.10.0.jar:/Users/sivanalluri/.m2/repository/org/springframework/boot/spring-boot-starter-tomcat/2.2.1.RELEASE/spring-boot-starter-tomcat-2.2.1.RELEASE.jar:/Users/sivanalluri/.m2/repository/org/apache/tomcat/embed/tomcat-embed-core/9.0.27/tomcat-embed-core-9.0.27.jar:/Users/sivanalluri/.m2/repository/org/apache/tomcat/embed/tomcat-embed-el/9.0.27/tomcat-embed-el-9.0.27.jar:/Users/sivanalluri/.m2/repository/org/apache/tomcat/embed/tomcat-embed-websocket/9.0.27/tomcat-embed-websocket-9.0.27.jar:/Users/sivanalluri/.m2/repository/org/springframework/boot/spring-boot-starter-validation/2.2.1.RELEASE/spring-boot-starter-validation-2.2.1.RELEASE.jar:/Users/sivanalluri/.m2/repository/jakarta/validation/jakarta.validation-api/2.0.1/jakarta.validation-api-2.0.1.jar:/Users/sivanalluri/.m2/repository/org/hibernate/validator/hibernate-validator/6.0.18.Final/hibernate-validator-6.0.18.Final.jar:/Users/sivanalluri/.m2/repository/org/jboss/logging/jboss-logging/3.4.1.Final/jboss-logging-3.4.1.Final.jar:/Users/sivanalluri/.m2/repository/com/fasterxml/classmate/1.5.1/classmate-1.5.1.jar:/Users/sivanalluri/.m2/repository/org/springframework/spring-web/5.2.1.RELEASE/spring-web-5.2.1.RELEASE.jar:/Users/sivanalluri/.m2/repository/org/springframework/spring-beans/5.2.1.RELEASE/spring-beans-5.2.1.RELEASE.jar:/Users/sivanalluri/.m2/repository/org/springframework/spring-webmvc/5.2.1.RELEASE/spring-webmvc-5.2.1.RELEASE.jar:/Users/sivanalluri/.m2/repository/org/springframework/spring-aop/5.2.1.RELEASE/spring-aop-5.2.1.RELEASE.jar:/Users/sivanalluri/.m2/repository/org/springframework/spring-context/5.2.1.RELEASE/spring-context-5.2.1.RELEASE.jar:/Users/sivanalluri/.m2/repository/org/springframework/spring-expression/5.2.1.RELEASE/spring-expression-5.2.1.RELEASE.jar:/Users/sivanalluri/.m2/repository/org/springframework/boot/spring-boot-starter-test/2.2.1.RELEASE/spring-boot-starter-test-2.2.1.RELEASE.jar:/Users/sivanalluri/.m2/repository/org/springframework/boot/spring-boot-test/2.2.1.RELEASE/spring-boot-test-2.2.1.RELEASE.jar:/Users/sivanalluri/.m2/repository/org/springframework/boot/spring-boot-test-autoconfigure/2.2.1.RELEASE/spring-boot-test-autoconfigure-2.2.1.RELEASE.jar:/Users/sivanalluri/.m2/repository/com/jayway/jsonpath/json-path/2.4.0/json-path-2.4.0.jar:/Users/sivanalluri/.m2/repository/net/minidev/json-smart/2.3/json-smart-2.3.jar:/Users/sivanalluri/.m2/repository/net/minidev/accessors-smart/1.2/accessors-smart-1.2.jar:/Users/sivanalluri/.m2/repository/org/ow2/asm/asm/5.0.4/asm-5.0.4.jar:/Users/sivanalluri/.m2/repository/org/slf4j/slf4j-api/1.7.29/slf4j-api-1.7.29.jar:/Users/sivanalluri/.m2/repository/jakarta/xml/bind/jakarta.xml.bind-api/2.3.2/jakarta.xml.bind-api-2.3.2.jar:/Users/sivanalluri/.m2/repository/jakarta/activation/jakarta.activation-api/1.2.1/jakarta.activation-api-1.2.1.jar:/Users/sivanalluri/.m2/repository/org/junit/jupiter/junit-jupiter/5.5.2/junit-jupiter-5.5.2.jar:/Users/sivanalluri/.m2/repository/org/junit/jupiter/junit-jupiter-api/5.5.2/junit-jupiter-api-5.5.2.jar:/Users/sivanalluri/.m2/repository/org/apiguardian/apiguardian-api/1.1.0/apiguardian-api-1.1.0.jar:/Users/sivanalluri/.m2/repository/org/opentest4j/opentest4j/1.2.0/opentest4j-1.2.0.jar:/Users/sivanalluri/.m2/repository/org/junit/platform/junit-platform-commons/1.5.2/junit-platform-commons-1.5.2.jar:/Users/sivanalluri/.m2/repository/org/junit/jupiter/junit-jupiter-params/5.5.2/junit-jupiter-params-5.5.2.jar:/Users/sivanalluri/.m2/repository/org/junit/jupiter/junit-jupiter-engine/5.5.2/junit-jupiter-engine-5.5.2.jar:/Users/sivanalluri/.m2/repository/org/junit/platform/junit-platform-engine/1.5.2/junit-platform-engine-1.5.2.jar:/Users/sivanalluri/.m2/repository/org/mockito/mockito-junit-jupiter/3.1.0/mockito-junit-jupiter-3.1.0.jar:/Users/sivanalluri/.m2/repository/org/assertj/assertj-core/3.13.2/assertj-core-3.13.2.jar:/Users/sivanalluri/.m2/repository/org/hamcrest/hamcrest/2.1/hamcrest-2.1.jar:/Users/sivanalluri/.m2/repository/org/mockito/mockito-core/3.1.0/mockito-core-3.1.0.jar:/Users/sivanalluri/.m2/repository/net/bytebuddy/byte-buddy/1.10.2/byte-buddy-1.10.2.jar:/Users/sivanalluri/.m2/repository/net/bytebuddy/byte-buddy-agent/1.10.2/byte-buddy-agent-1.10.2.jar:/Users/sivanalluri/.m2/repository/org/objenesis/objenesis/2.6/objenesis-2.6.jar:/Users/sivanalluri/.m2/repository/org/skyscreamer/jsonassert/1.5.0/jsonassert-1.5.0.jar:/Users/sivanalluri/.m2/repository/com/vaadin/external/google/android-json/0.0.20131108.vaadin1/android-json-0.0.20131108.vaadin1.jar:/Users/sivanalluri/.m2/repository/org/springframework/spring-core/5.2.1.RELEASE/spring-core-5.2.1.RELEASE.jar:/Users/sivanalluri/.m2/repository/org/springframework/spring-jcl/5.2.1.RELEASE/spring-jcl-5.2.1.RELEASE.jar:/Users/sivanalluri/.m2/repository/org/springframework/spring-test/5.2.1.RELEASE/spring-test-5.2.1.RELEASE.jar:/Users/sivanalluri/.m2/repository/org/xmlunit/xmlunit-core/2.6.3/xmlunit-core-2.6.3.jar:/Users/sivanalluri/.m2/repository/org/projectlombok/lombok/1.18.10/lombok-1.18.10.jar:/Users/sivanalluri/.m2/repository/org/egov/services/tracer/1.1.5-SNAPSHOT/tracer-1.1.5-SNAPSHOT.jar:/Users/sivanalluri/.m2/repository/org/springframework/kafka/spring-kafka/2.3.3.RELEASE/spring-kafka-2.3.3.RELEASE.jar:/Users/sivanalluri/.m2/repository/org/springframework/retry/spring-retry/1.2.4.RELEASE/spring-retry-1.2.4.RELEASE.jar:/Users/sivanalluri/.m2/repository/org/springframework/spring-messaging/5.2.1.RELEASE/spring-messaging-5.2.1.RELEASE.jar:/Users/sivanalluri/.m2/repository/org/springframework/spring-tx/5.2.1.RELEASE/spring-tx-5.2.1.RELEASE.jar:/Users/sivanalluri/.m2/repository/org/apache/kafka/kafka-clients/2.3.1/kafka-clients-2.3.1.jar:/Users/sivanalluri/.m2/repository/com/github/luben/zstd-jni/1.4.0-1/zstd-jni-1.4.0-1.jar:/Users/sivanalluri/.m2/repository/org/lz4/lz4-java/1.6.0/lz4-java-1.6.0.jar:/Users/sivanalluri/.m2/repository/org/xerial/snappy/snappy-java/1.1.7.3/snappy-java-1.1.7.3.jar:/Users/sivanalluri/.m2/repository/commons-io/commons-io/2.5/commons-io-2.5.jar:/Users/sivanalluri/.m2/repository/org/egov/services/services-common/0.9.0/services-common-0.9.0.jar:/Users/sivanalluri/.m2/repository/com/fasterxml/jackson/core/jackson-annotations/2.10.0/jackson-annotations-2.10.0.jar:/Users/sivanalluri/.m2/repository/org/aspectj/aspectjweaver/1.9.4/aspectjweaver-1.9.4.jar:/Users/sivanalluri/.m2/repository/org/springframework/boot/spring-boot-starter-actuator/2.2.1.RELEASE/spring-boot-starter-actuator-2.2.1.RELEASE.jar:/Users/sivanalluri/.m2/repository/org/springframework/boot/spring-boot-actuator-autoconfigure/2.2.1.RELEASE/spring-boot-actuator-autoconfigure-2.2.1.RELEASE.jar:/Users/sivanalluri/.m2/repository/org/springframework/boot/spring-boot-actuator/2.2.1.RELEASE/spring-boot-actuator-2.2.1.RELEASE.jar:/Users/sivanalluri/.m2/repository/io/opentracing/contrib/opentracing-spring-web-starter/0.3.3/opentracing-spring-web-starter-0.3.3.jar:/Users/sivanalluri/.m2/repository/io/opentracing/contrib/opentracing-spring-web/0.3.3/opentracing-spring-web-0.3.3.jar:/Users/sivanalluri/.m2/repository/io/opentracing/contrib/opentracing-web-servlet-filter/0.1.0/opentracing-web-servlet-filter-0.1.0.jar:/Users/sivanalluri/.m2/repository/io/opentracing/contrib/opentracing-tracerresolver/0.1.4/opentracing-tracerresolver-0.1.4.jar:/Users/sivanalluri/.m2/repository/io/opentracing/contrib/opentracing-spring-tracer-configuration-starter/0.1.0/opentracing-spring-tracer-configuration-starter-0.1.0.jar:/Users/sivanalluri/.m2/repository/io/opentracing/opentracing-noop/0.31.0/opentracing-noop-0.31.0.jar:/Users/sivanalluri/.m2/repository/io/opentracing/opentracing-util/0.31.0/opentracing-util-0.31.0.jar:/Users/sivanalluri/.m2/repository/io/opentracing/contrib/opentracing-spring-cloud-jdbc-starter/0.2.1/opentracing-spring-cloud-jdbc-starter-0.2.1.jar:/Users/sivanalluri/.m2/repository/io/opentracing/contrib/opentracing-jdbc/0.0.9/opentracing-jdbc-0.0.9.jar:/Users/sivanalluri/.m2/repository/org/springframework/boot/spring-boot-starter-aop/2.2.1.RELEASE/spring-boot-starter-aop-2.2.1.RELEASE.jar:/Users/sivanalluri/.m2/repository/io/opentracing/opentracing-api/0.31.0/opentracing-api-0.31.0.jar:/Users/sivanalluri/.m2/repository/io/opentracing/contrib/opentracing-spring-jaeger-starter/0.2.2/opentracing-spring-jaeger-starter-0.2.2.jar:/Users/sivanalluri/.m2/repository/io/micrometer/micrometer-core/1.3.1/micrometer-core-1.3.1.jar:/Users/sivanalluri/.m2/repository/org/hdrhistogram/HdrHistogram/2.1.11/HdrHistogram-2.1.11.jar:/Users/sivanalluri/.m2/repository/org/latencyutils/LatencyUtils/2.0.3/LatencyUtils-2.0.3.jar:/Users/sivanalluri/.m2/repository/io/micrometer/micrometer-spring-legacy/1.3.1/micrometer-spring-legacy-1.3.1.jar:/Users/sivanalluri/.m2/repository/io/micrometer/micrometer-registry-prometheus/1.3.1/micrometer-registry-prometheus-1.3.1.jar:/Users/sivanalluri/.m2/repository/io/prometheus/simpleclient_common/0.7.0/simpleclient_common-0.7.0.jar:/Users/sivanalluri/.m2/repository/io/prometheus/simpleclient/0.7.0/simpleclient-0.7.0.jar:/Users/sivanalluri/.m2/repository/io/jaegertracing/jaeger-client/0.31.0/jaeger-client-0.31.0.jar:/Users/sivanalluri/.m2/repository/io/jaegertracing/jaeger-thrift/0.31.0/jaeger-thrift-0.31.0.jar:/Users/sivanalluri/.m2/repository/org/apache/thrift/libthrift/0.11.0/libthrift-0.11.0.jar:/Users/sivanalluri/.m2/repository/org/apache/httpcomponents/httpclient/4.5.10/httpclient-4.5.10.jar:/Users/sivanalluri/.m2/repository/commons-codec/commons-codec/1.13/commons-codec-1.13.jar:/Users/sivanalluri/.m2/repository/org/apache/httpcomponents/httpcore/4.4.12/httpcore-4.4.12.jar:/Users/sivanalluri/.m2/repository/com/squareup/okhttp3/okhttp/3.14.4/okhttp-3.14.4.jar:/Users/sivanalluri/.m2/repository/com/squareup/okio/okio/1.17.2/okio-1.17.2.jar:/Users/sivanalluri/.m2/repository/io/jaegertracing/jaeger-core/0.31.0/jaeger-core-0.31.0.jar:/Users/sivanalluri/.m2/repository/com/google/code/gson/gson/2.8.6/gson-2.8.6.jar:/Users/sivanalluri/.m2/repository/io/jaegertracing/jaeger-tracerresolver/0.31.0/jaeger-tracerresolver-0.31.0.jar:/Users/sivanalluri/.m2/repository/net/logstash/logback/logstash-logback-encoder/5.2/logstash-logback-encoder-5.2.jar:/Users/sivanalluri/.m2/repository/ch/qos/logback/logback-classic/1.2.3/logback-classic-1.2.3.jar:/Users/sivanalluri/.m2/repository/ch/qos/logback/logback-core/1.2.3/logback-core-1.2.3.jar:"/>
    <property name="sun.cpu.endian" value="little"/>
    <property name="user.home" value="/Users/sivanalluri"/>
    <property name="user.language" value="en"/>
    <property name="java.specification.vendor" value="Oracle Corporation"/>
    <property name="java.home" value="/Library/Java/JavaVirtualMachines/adoptopenjdk-8.jdk/Contents/Home/jre"/>
    <property name="basedir" value="/Users/sivanalluri/codebase/ukd-rainmaker-customization/services/ukd-custom-service"/>
    <property name="file.separator" value="/"/>
    <property name="line.separator" value="&#10;"/>
    <property name="java.vm.specification.vendor" value="Oracle Corporation"/>
    <property name="java.specification.name" value="Java Platform API Specification"/>
    <property name="java.awt.graphicsenv" value="sun.awt.CGraphicsEnvironment"/>
    <property name="surefire.real.class.path" value="/Users/sivanalluri/codebase/ukd-rainmaker-customization/services/ukd-custom-service/target/surefire/surefirebooter4895510403473569355.jar"/>
    <property name="sun.boot.class.path" value="/Library/Java/JavaVirtualMachines/adoptopenjdk-8.jdk/Contents/Home/jre/lib/resources.jar:/Library/Java/JavaVirtualMachines/adoptopenjdk-8.jdk/Contents/Home/jre/lib/rt.jar:/Library/Java/JavaVirtualMachines/adoptopenjdk-8.jdk/Contents/Home/jre/lib/sunrsasign.jar:/Library/Java/JavaVirtualMachines/adoptopenjdk-8.jdk/Contents/Home/jre/lib/jsse.jar:/Library/Java/JavaVirtualMachines/adoptopenjdk-8.jdk/Contents/Home/jre/lib/jce.jar:/Library/Java/JavaVirtualMachines/adoptopenjdk-8.jdk/Contents/Home/jre/lib/charsets.jar:/Library/Java/JavaVirtualMachines/adoptopenjdk-8.jdk/Contents/Home/jre/lib/jfr.jar:/Library/Java/JavaVirtualMachines/adoptopenjdk-8.jdk/Contents/Home/jre/classes"/>
    <property name="sun.management.compiler" value="HotSpot 64-Bit Tiered Compilers"/>
    <property name="ftp.nonProxyHosts" value="local|*.local|169.254/16|*.169.254/16"/>
    <property name="java.runtime.version" value="1.8.0_222-b10"/>
    <property name="user.name" value="sivanalluri"/>
    <property name="path.separator" value=":"/>
    <property name="os.version" value="10.15.4"/>
    <property name="java.endorsed.dirs" value="/Library/Java/JavaVirtualMachines/adoptopenjdk-8.jdk/Contents/Home/jre/lib/endorsed"/>
    <property name="java.runtime.name" value="OpenJDK Runtime Environment"/>
    <property name="file.encoding" value="UTF-8"/>
    <property name="java.vm.name" value="OpenJDK 64-Bit Server VM"/>
    <property name="localRepository" value="/Users/sivanalluri/.m2/repository"/>
    <property name="java.vendor.url.bug" value="http://bugreport.sun.com/bugreport/"/>
    <property name="java.io.tmpdir" value="/var/folders/qf/wlp6cr953fl7921tj20q76hw0000gn/T/"/>
    <property name="java.version" value="1.8.0_222"/>
    <property name="user.dir" value="/Users/sivanalluri/codebase/ukd-rainmaker-customization/services/ukd-custom-service"/>
    <property name="os.arch" value="x86_64"/>
    <property name="java.vm.specification.name" value="Java Virtual Machine Specification"/>
    <property name="java.awt.printerjob" value="sun.lwawt.macosx.CPrinterJob"/>
    <property name="sun.os.patch.level" value="unknown"/>
    <property name="java.library.path" value="/Users/sivanalluri/Library/Java/Extensions:/Library/Java/Extensions:/Network/Library/Java/Extensions:/System/Library/Java/Extensions:/usr/lib/java:."/>
    <property name="java.vm.info" value="mixed mode"/>
    <property name="java.vendor" value="AdoptOpenJDK"/>
    <property name="java.vm.version" value="25.222-b10"/>
    <property name="java.ext.dirs" value="/Users/sivanalluri/Library/Java/Extensions:/Library/Java/JavaVirtualMachines/adoptopenjdk-8.jdk/Contents/Home/jre/lib/ext:/Library/Java/Extensions:/Network/Library/Java/Extensions:/System/Library/Java/Extensions:/usr/lib/java"/>
    <property name="sun.io.unicode.encoding" value="UnicodeBig"/>
    <property name="java.class.version" value="52.0"/>
    <property name="socksNonProxyHosts" value="local|*.local|169.254/16|*.169.254/16"/>
  </properties>
  <testcase name="org.egov.ukcustomservice.UkdCustomServiceApplicationTests" classname="org.egov.ukcustomservice.UkdCustomServiceApplicationTests" time="0.438">
    <error message="Unable to find a @SpringBootConfiguration, you need to use @ContextConfiguration or @SpringBootTest(classes=...) with your test" type="java.lang.IllegalStateException">java.lang.IllegalStateException: Unable to find a @SpringBootConfiguration, you need to use @ContextConfiguration or @SpringBootTest(classes=...) with your test
</error>
    <system-out><![CDATA[09:33:05.976 [main] DEBUG org.springframework.test.context.BootstrapUtils - Instantiating CacheAwareContextLoaderDelegate from class [org.springframework.test.context.cache.DefaultCacheAwareContextLoaderDelegate]
09:33:05.990 [main] DEBUG org.springframework.test.context.BootstrapUtils - Instantiating BootstrapContext using constructor [public org.springframework.test.context.support.DefaultBootstrapContext(java.lang.Class,org.springframework.test.context.CacheAwareContextLoaderDelegate)]
09:33:06.017 [main] DEBUG org.springframework.test.context.BootstrapUtils - Instantiating TestContextBootstrapper for test class [org.egov.ukcustomservice.UkdCustomServiceApplicationTests] from class [org.springframework.boot.test.context.SpringBootTestContextBootstrapper]
09:33:06.030 [main] INFO org.springframework.boot.test.context.SpringBootTestContextBootstrapper - Neither @ContextConfiguration nor @ContextHierarchy found for test class [org.egov.ukcustomservice.UkdCustomServiceApplicationTests], using SpringBootContextLoader
09:33:06.034 [main] DEBUG org.springframework.test.context.support.AbstractContextLoader - Did not detect default resource location for test class [org.egov.ukcustomservice.UkdCustomServiceApplicationTests]: class path resource [org/egov/ukcustomservice/UkdCustomServiceApplicationTests-context.xml] does not exist
09:33:06.034 [main] DEBUG org.springframework.test.context.support.AbstractContextLoader - Did not detect default resource location for test class [org.egov.ukcustomservice.UkdCustomServiceApplicationTests]: class path resource [org/egov/ukcustomservice/UkdCustomServiceApplicationTestsContext.groovy] does not exist
09:33:06.034 [main] INFO org.springframework.test.context.support.AbstractContextLoader - Could not detect default resource locations for test class [org.egov.ukcustomservice.UkdCustomServiceApplicationTests]: no resource found for suffixes {-context.xml, Context.groovy}.
09:33:06.035 [main] INFO org.springframework.test.context.support.AnnotationConfigContextLoaderUtils - Could not detect default configuration classes for test class [org.egov.ukcustomservice.UkdCustomServiceApplicationTests]: UkdCustomServiceApplicationTests does not declare any static, non-private, non-final, nested classes annotated with @Configuration.
09:33:06.071 [main] DEBUG org.springframework.test.context.support.ActiveProfilesUtils - Could not find an 'annotation declaring class' for annotation type [org.springframework.test.context.ActiveProfiles] and class [org.egov.ukcustomservice.UkdCustomServiceApplicationTests]
09:33:06.181 [main] DEBUG org.springframework.test.context.BootstrapUtils - Instantiating CacheAwareContextLoaderDelegate from class [org.springframework.test.context.cache.DefaultCacheAwareContextLoaderDelegate]
09:33:06.182 [main] DEBUG org.springframework.test.context.BootstrapUtils - Instantiating BootstrapContext using constructor [public org.springframework.test.context.support.DefaultBootstrapContext(java.lang.Class,org.springframework.test.context.CacheAwareContextLoaderDelegate)]
09:33:06.182 [main] DEBUG org.springframework.test.context.BootstrapUtils - Instantiating TestContextBootstrapper for test class [org.egov.ukcustomservice.UkdCustomServiceApplicationTests] from class [org.springframework.boot.test.context.SpringBootTestContextBootstrapper]
09:33:06.183 [main] INFO org.springframework.boot.test.context.SpringBootTestContextBootstrapper - Neither @ContextConfiguration nor @ContextHierarchy found for test class [org.egov.ukcustomservice.UkdCustomServiceApplicationTests], using SpringBootContextLoader
09:33:06.185 [main] DEBUG org.springframework.test.context.support.AbstractContextLoader - Did not detect default resource location for test class [org.egov.ukcustomservice.UkdCustomServiceApplicationTests]: class path resource [org/egov/ukcustomservice/UkdCustomServiceApplicationTests-context.xml] does not exist
09:33:06.186 [main] DEBUG org.springframework.test.context.support.AbstractContextLoader - Did not detect default resource location for test class [org.egov.ukcustomservice.UkdCustomServiceApplicationTests]: class path resource [org/egov/ukcustomservice/UkdCustomServiceApplicationTestsContext.groovy] does not exist
09:33:06.187 [main] INFO org.springframework.test.context.support.AbstractContextLoader - Could not detect default resource locations for test class [org.egov.ukcustomservice.UkdCustomServiceApplicationTests]: no resource found for suffixes {-context.xml, Context.groovy}.
09:33:06.188 [main] INFO org.springframework.test.context.support.AnnotationConfigContextLoaderUtils - Could not detect default configuration classes for test class [org.egov.ukcustomservice.UkdCustomServiceApplicationTests]: UkdCustomServiceApplicationTests does not declare any static, non-private, non-final, nested classes annotated with @Configuration.
09:33:06.190 [main] DEBUG org.springframework.test.context.support.ActiveProfilesUtils - Could not find an 'annotation declaring class' for annotation type [org.springframework.test.context.ActiveProfiles] and class [org.egov.ukcustomservice.UkdCustomServiceApplicationTests]
09:33:06.261 [main] DEBUG org.springframework.test.context.BootstrapUtils - Instantiating CacheAwareContextLoaderDelegate from class [org.springframework.test.context.cache.DefaultCacheAwareContextLoaderDelegate]
09:33:06.261 [main] DEBUG org.springframework.test.context.BootstrapUtils - Instantiating BootstrapContext using constructor [public org.springframework.test.context.support.DefaultBootstrapContext(java.lang.Class,org.springframework.test.context.CacheAwareContextLoaderDelegate)]
09:33:06.262 [main] DEBUG org.springframework.test.context.BootstrapUtils - Instantiating TestContextBootstrapper for test class [org.egov.ukcustomservice.UkdCustomServiceApplicationTests] from class [org.springframework.boot.test.context.SpringBootTestContextBootstrapper]
09:33:06.264 [main] INFO org.springframework.boot.test.context.SpringBootTestContextBootstrapper - Neither @ContextConfiguration nor @ContextHierarchy found for test class [org.egov.ukcustomservice.UkdCustomServiceApplicationTests], using SpringBootContextLoader
09:33:06.274 [main] DEBUG org.springframework.test.context.support.AbstractContextLoader - Did not detect default resource location for test class [org.egov.ukcustomservice.UkdCustomServiceApplicationTests]: class path resource [org/egov/ukcustomservice/UkdCustomServiceApplicationTests-context.xml] does not exist
09:33:06.277 [main] DEBUG org.springframework.test.context.support.AbstractContextLoader - Did not detect default resource location for test class [org.egov.ukcustomservice.UkdCustomServiceApplicationTests]: class path resource [org/egov/ukcustomservice/UkdCustomServiceApplicationTestsContext.groovy] does not exist
09:33:06.278 [main] INFO org.springframework.test.context.support.AbstractContextLoader - Could not detect default resource locations for test class [org.egov.ukcustomservice.UkdCustomServiceApplicationTests]: no resource found for suffixes {-context.xml, Context.groovy}.
09:33:06.279 [main] INFO org.springframework.test.context.support.AnnotationConfigContextLoaderUtils - Could not detect default configuration classes for test class [org.egov.ukcustomservice.UkdCustomServiceApplicationTests]: UkdCustomServiceApplicationTests does not declare any static, non-private, non-final, nested classes annotated with @Configuration.
09:33:06.281 [main] DEBUG org.springframework.test.context.support.ActiveProfilesUtils - Could not find an 'annotation declaring class' for annotation type [org.springframework.test.context.ActiveProfiles] and class [org.egov.ukcustomservice.UkdCustomServiceApplicationTests]
]]></system-out>
  </testcase>
</testsuite>